CeWL 6.1 (Max Length) Robin Wood (robin@digi.ninja) (https://digi.ninja/)
section
end
and
info
slider
solutions
Our
Contact
Metas
stylesheet
style
header
About
your
htb
support
footer
owl
carousel
script
BoardLight
the
Site
What
security
business
right
welcome
cybersecurity
consulting
firm
specializing
providing
cutting
edge
protect
from
cyber
threats
Development
who
contact
our
their
Basic
Mobile
bootstrap
core
css
fonts
Custom
styles
for
this
template
responsive
strats
Home
current
Portfolio
Boardlight
Shop
Main
Street
Anytown
board
Informations
extends
beyond
equipment
With
access
vast
network
global
partners
offer
breath
depth
products
highly
competitive
prices
logistics
services
enable
clients
empower
workforce
scale
speed
boost
productivity
cut
costs
Instagram
Newsletter
Subscribe
All
Rights
Reserved
Board
target
Consulting
Cyber
Tool
WHO
ARE
Read
More
Request
Call
Back
Send
boardlight
team
dedicated
professionals
committed
safeguarding
digital
assets
ensuring
online
presence
Years
Business
Projects
Delivered
Satisfied
Customers
Cups
Coffee
every
unique
The
can
make
better
Many
world
most
innovative
influential
companies
choose
partner
with
Each
has
own
circumstances
that
require
pride
ourselves
attention
detail
sourcing
servicing
solution
time
